<?xml version="1.0" encoding="UTF-8"?>
<!-- Generated by org.testng.reporters.JUnitXMLReporter -->
<testsuite ignored="8" hostname="LAPTOP-8LV2OBVU" failures="0" tests="2" name="Test" time="111.2" errors="0" timestamp="2023-12-20T21:38:05 IST">
  <testcase classname="testcases.TC003_NegativeSignupTest" name="negativesingnuptest" time="43.337"/>
  <testcase classname="testcases.TC009_RoundTripTest" name="roundtriptest" time="53.136"/>
  <testcase classname="testcases.TC004_LoginTest_With_Mobno" name="logintestwithmobno" time="0.0">
    <ignored/>
  </testcase> <!-- logintestwithmobno -->
  <testcase classname="testcases.TC006_NegativeLoginTest_With_Mobno" name="negativelogintestwithmobno" time="0.0">
    <ignored/>
  </testcase> <!-- negativelogintestwithmobno -->
  <testcase classname="testcases.TC010_ValidateFieldTest" name="fielstest" time="0.0">
    <ignored/>
  </testcase> <!-- fielstest -->
  <testcase classname="testcases.TC005_LoginTest_With_Email" name="logintestwithemail" time="0.0">
    <ignored/>
  </testcase> <!-- logintestwithemail -->
  <testcase classname="testcases.TC001_LaunchApplicationTest" name="lauchapp" time="0.0">
    <ignored/>
  </testcase> <!-- lauchapp -->
  <testcase classname="testcases.TC002_SignupTest" name="singnuptest" time="0.0">
    <ignored/>
  </testcase> <!-- singnuptest -->
  <testcase classname="testcases.TC008_OneWayTripTest" name="onewaytriptest" time="0.0">
    <ignored/>
  </testcase> <!-- onewaytriptest -->
  <testcase classname="testcases.TC007_NegativeLoginTest_With_Email" name="negativelogintestwithemail" time="0.0">
    <ignored/>
  </testcase> <!-- negativelogintestwithemail -->
</testsuite> <!-- Test -->
