<?xml version="1.0" encoding="UTF-8"?>
<!-- Generated by org.testng.reporters.JUnitXMLReporter -->
<testsuite ignored="5" hostname="LAPTOP-8LV2OBVU" failures="0" tests="0" name="Test" time="1.782" errors="0" timestamp="2023-12-16T12:26:46 IST">
  <testcase classname="testcases.TC004_LoginTest_With_Mobno" name="logintestwithmobno" time="0.0">
    <ignored/>
  </testcase> <!-- logintestwithmobno -->
  <testcase classname="testcases.TC005_LoginTest_With_Email" name="logintestwithemail" time="0.0">
    <ignored/>
  </testcase> <!-- logintestwithemail -->
  <testcase classname="testcases.TC001_LaunchApplicationTest" name="lauchapp" time="0.0">
    <ignored/>
  </testcase> <!-- lauchapp -->
  <testcase classname="testcases.TC002_SignupTest" name="singnuptest" time="0.0">
    <ignored/>
  </testcase> <!-- singnuptest -->
  <testcase classname="testcases.TC003_NegativeSignupTest" name="negativesingnuptest" time="0.0">
    <ignored/>
  </testcase> <!-- negativesingnuptest -->
</testsuite> <!-- Test -->
