<?xml version="1.0" encoding="UTF-8"?>
<testng-results ignored="0" total="10" passed="6" failed="4" skipped="0">
  <reporter-output>
  </reporter-output>
  <suite started-at="2023-12-23T19:15:54 IST" name="Suite" finished-at="2023-12-23T19:22:07 IST" duration-ms="372316">
    <groups>
    </groups>
    <test started-at="2023-12-23T19:15:54 IST" name="Chrome Test" finished-at="2023-12-23T19:18:07 IST" duration-ms="132676">
      <class name="testcases.TC010_ValidateFieldTest">
        <test-method is-config="true" signature="launchbrowser(java.lang.String,java.lang.String)[pri:0, instance:testcases.TC010_ValidateFieldTest@18ece7f4]" started-at="2023-12-23T19:18:01 IST" name="launchbrowser" finished-at="2023-12-23T19:18:06 IST" duration-ms="5114" status="PASS">
          <params>
            <param index="0">
              <value>
                <![CDATA[chrome]]>
              </value>
            </param>
            <param index="1">
              <value>
                <![CDATA[https://www.spicejet.com/]]>
              </value>
            </param>
          </params>
          <reporter-output>
          </reporter-output>
        </test-method> <!-- launchbrowser -->
        <test-method signature="fielstest()[pri:0, instance:testcases.TC010_ValidateFieldTest@18ece7f4]" started-at="2023-12-23T19:18:06 IST" name="fielstest" finished-at="2023-12-23T19:18:07 IST" duration-ms="852" status="PASS">
          <reporter-output>
          </reporter-output>
        </test-method> <!-- fielstest -->
        <test-method is-config="true" signature="closebrowser()[pri:0, instance:testcases.TC010_ValidateFieldTest@18ece7f4]" started-at="2023-12-23T19:18:07 IST" name="closebrowser" finished-at="2023-12-23T19:18:07 IST" duration-ms="274" status="PASS">
          <reporter-output>
          </reporter-output>
        </test-method> <!-- closebrowser -->
      </class> <!-- testcases.TC010_ValidateFieldTest -->
      <class name="testcases.TC009_RoundTripTest">
        <test-method is-config="true" signature="setup()[pri:0, instance:testcases.TC009_RoundTripTest@1f760b47]" started-at="2023-12-23T19:15:54 IST" name="setup" finished-at="2023-12-23T19:15:54 IST" duration-ms="0" status="PASS">
          <reporter-output>
          </reporter-output>
        </test-method> <!-- setup -->
        <test-method is-config="true" signature="launchbrowser(java.lang.String,java.lang.String)[pri:0, instance:testcases.TC009_RoundTripTest@1f760b47]" started-at="2023-12-23T19:17:04 IST" name="launchbrowser" finished-at="2023-12-23T19:17:12 IST" duration-ms="8256" status="PASS">
          <params>
            <param index="0">
              <value>
                <![CDATA[chrome]]>
              </value>
            </param>
            <param index="1">
              <value>
                <![CDATA[https://www.spicejet.com/]]>
              </value>
            </param>
          </params>
          <reporter-output>
          </reporter-output>
        </test-method> <!-- launchbrowser -->
        <test-method signature="roundtriptest(java.lang.String,java.lang.String,java.lang.String,java.lang.String,java.lang.String,java.lang.String,java.lang.String,java.lang.String,java.lang.String,java.lang.String,java.lang.String,java.lang.String,java.lang.String,java.lang.String)[pri:0, instance:testcases.TC009_RoundTripTest@1f760b47]" started-at="2023-12-23T19:17:12 IST" name="roundtriptest" data-provider="getdata" finished-at="2023-12-23T19:18:01 IST" duration-ms="48297" status="PASS">
          <params>
            <param index="0">
              <value>
                <![CDATA[Aravindan]]>
              </value>
            </param>
            <param index="1">
              <value>
                <![CDATA[R]]>
              </value>
            </param>
            <param index="2">
              <value>
                <![CDATA[8778603529]]>
              </value>
            </param>
            <param index="3">
              <value>
                <![CDATA[aravindj61@gmail.com]]>
              </value>
            </param>
            <param index="4">
              <value>
                <![CDATA[chennai]]>
              </value>
            </param>
            <param index="5">
              <value>
                <![CDATA[ajith]]>
              </value>
            </param>
            <param index="6">
              <value>
                <![CDATA[kumar]]>
              </value>
            </param>
            <param index="7">
              <value>
                <![CDATA[9543089305]]>
              </value>
            </param>
            <param index="8">
              <value>
                <![CDATA[4432146500203650]]>
              </value>
            </param>
            <param index="9">
              <value>
                <![CDATA[Aravindan]]>
              </value>
            </param>
            <param index="10">
              <value>
                <![CDATA[12]]>
              </value>
            </param>
            <param index="11">
              <value>
                <![CDATA[26]]>
              </value>
            </param>
            <param index="12">
              <value>
                <![CDATA[123]]>
              </value>
            </param>
            <param index="13">
              <value>
                <![CDATA[Invalid Card Details]]>
              </value>
            </param>
          </params>
          <reporter-output>
          </reporter-output>
        </test-method> <!-- roundtriptest -->
        <test-method is-config="true" signature="closebrowser()[pri:0, instance:testcases.TC009_RoundTripTest@1f760b47]" started-at="2023-12-23T19:18:01 IST" name="closebrowser" finished-at="2023-12-23T19:18:01 IST" duration-ms="403" status="PASS">
          <reporter-output>
          </reporter-output>
        </test-method> <!-- closebrowser -->
      </class> <!-- testcases.TC009_RoundTripTest -->
      <class name="testcases.TC007_NegativeLoginTest_With_Email">
        <test-method is-config="true" signature="setup()[pri:0, instance:testcases.TC007_NegativeLoginTest_With_Email@776a6d9b]" started-at="2023-12-23T19:15:54 IST" name="setup" finished-at="2023-12-23T19:15:54 IST" duration-ms="9" status="PASS">
          <reporter-output>
          </reporter-output>
        </test-method> <!-- setup -->
        <test-method is-config="true" signature="launchbrowser(java.lang.String,java.lang.String)[pri:0, instance:testcases.TC007_NegativeLoginTest_With_Email@776a6d9b]" started-at="2023-12-23T19:16:04 IST" name="launchbrowser" finished-at="2023-12-23T19:16:10 IST" duration-ms="5444" status="PASS">
          <params>
            <param index="0">
              <value>
                <![CDATA[chrome]]>
              </value>
            </param>
            <param index="1">
              <value>
                <![CDATA[https://www.spicejet.com/]]>
              </value>
            </param>
          </params>
          <reporter-output>
          </reporter-output>
        </test-method> <!-- launchbrowser -->
        <test-method signature="negativelogintestwithemail(java.lang.String,java.lang.String,java.lang.String)[pri:0, instance:testcases.TC007_NegativeLoginTest_With_Email@776a6d9b]" started-at="2023-12-23T19:16:10 IST" name="negativelogintestwithemail" data-provider="getdata" finished-at="2023-12-23T19:16:17 IST" duration-ms="6980" status="PASS">
          <params>
            <param index="0">
              <value>
                <![CDATA[aravind@gmail.com]]>
              </value>
            </param>
            <param index="1">
              <value>
                <![CDATA[Abcdeg@11]]>
              </value>
            </param>
            <param index="2">
              <value>
                <![CDATA[Invalid Username/Password]]>
              </value>
            </param>
          </params>
          <reporter-output>
          </reporter-output>
        </test-method> <!-- negativelogintestwithemail -->
        <test-method is-config="true" signature="closebrowser()[pri:0, instance:testcases.TC007_NegativeLoginTest_With_Email@776a6d9b]" started-at="2023-12-23T19:16:17 IST" name="closebrowser" finished-at="2023-12-23T19:16:17 IST" duration-ms="304" status="PASS">
          <reporter-output>
          </reporter-output>
        </test-method> <!-- closebrowser -->
      </class> <!-- testcases.TC007_NegativeLoginTest_With_Email -->
      <class name="testcases.TC001_LaunchApplicationTest">
        <test-method is-config="true" signature="launchbrowser(java.lang.String,java.lang.String)[pri:0, instance:testcases.TC001_LaunchApplicationTest@2ad48653]" started-at="2023-12-23T19:15:55 IST" name="launchbrowser" finished-at="2023-12-23T19:16:02 IST" duration-ms="7164" status="PASS">
          <params>
            <param index="0">
              <value>
                <![CDATA[chrome]]>
              </value>
            </param>
            <param index="1">
              <value>
                <![CDATA[https://www.spicejet.com/]]>
              </value>
            </param>
          </params>
          <reporter-output>
          </reporter-output>
        </test-method> <!-- launchbrowser -->
        <test-method signature="lauchapp()[pri:0, instance:testcases.TC001_LaunchApplicationTest@2ad48653]" started-at="2023-12-23T19:16:02 IST" name="lauchapp" finished-at="2023-12-23T19:16:02 IST" duration-ms="628" status="PASS">
          <reporter-output>
          </reporter-output>
        </test-method> <!-- lauchapp -->
        <test-method is-config="true" signature="closebrowser()[pri:0, instance:testcases.TC001_LaunchApplicationTest@2ad48653]" started-at="2023-12-23T19:16:02 IST" name="closebrowser" finished-at="2023-12-23T19:16:03 IST" duration-ms="327" status="PASS">
          <reporter-output>
          </reporter-output>
        </test-method> <!-- closebrowser -->
      </class> <!-- testcases.TC001_LaunchApplicationTest -->
      <class name="testcases.TC008_OneWayTripTest">
        <test-method is-config="true" signature="setup()[pri:0, instance:testcases.TC008_OneWayTripTest@21d03963]" started-at="2023-12-23T19:15:54 IST" name="setup" finished-at="2023-12-23T19:15:54 IST" duration-ms="0" status="PASS">
          <reporter-output>
          </reporter-output>
        </test-method> <!-- setup -->
        <test-method is-config="true" signature="launchbrowser(java.lang.String,java.lang.String)[pri:0, instance:testcases.TC008_OneWayTripTest@21d03963]" started-at="2023-12-23T19:16:17 IST" name="launchbrowser" finished-at="2023-12-23T19:16:22 IST" duration-ms="5185" status="PASS">
          <params>
            <param index="0">
              <value>
                <![CDATA[chrome]]>
              </value>
            </param>
            <param index="1">
              <value>
                <![CDATA[https://www.spicejet.com/]]>
              </value>
            </param>
          </params>
          <reporter-output>
          </reporter-output>
        </test-method> <!-- launchbrowser -->
        <test-method signature="onewaytriptest(java.lang.String,java.lang.String,java.lang.String,java.lang.String,java.lang.String,java.lang.String,java.lang.String,java.lang.String,java.lang.String,java.lang.String,java.lang.String,java.lang.String,java.lang.String,java.lang.String)[pri:0, instance:testcases.TC008_OneWayTripTest@21d03963]" started-at="2023-12-23T19:16:22 IST" name="onewaytriptest" data-provider="getdata" finished-at="2023-12-23T19:17:03 IST" duration-ms="40491" status="FAIL">
          <params>
            <param index="0">
              <value>
                <![CDATA[Aravindan]]>
              </value>
            </param>
            <param index="1">
              <value>
                <![CDATA[R]]>
              </value>
            </param>
            <param index="2">
              <value>
                <![CDATA[8778603529]]>
              </value>
            </param>
            <param index="3">
              <value>
                <![CDATA[aravindj61@gmail.com]]>
              </value>
            </param>
            <param index="4">
              <value>
                <![CDATA[chennai]]>
              </value>
            </param>
            <param index="5">
              <value>
                <![CDATA[Ajith]]>
              </value>
            </param>
            <param index="6">
              <value>
                <![CDATA[Kumar]]>
              </value>
            </param>
            <param index="7">
              <value>
                <![CDATA[9543089305]]>
              </value>
            </param>
            <param index="8">
              <value>
                <![CDATA[4432146500203650]]>
              </value>
            </param>
            <param index="9">
              <value>
                <![CDATA[Aravind]]>
              </value>
            </param>
            <param index="10">
              <value>
                <![CDATA[12]]>
              </value>
            </param>
            <param index="11">
              <value>
                <![CDATA[26]]>
              </value>
            </param>
            <param index="12">
              <value>
                <![CDATA[121]]>
              </value>
            </param>
            <param index="13">
              <value>
                <![CDATA[Invalid Card Details]]>
              </value>
            </param>
          </params>
          <exception class="org.openqa.selenium.TimeoutException">
            <message>
              <![CDATA[Expected condition failed: waiting for element to be clickable: Proxy element for: DefaultElementLocator 'By.xpath: //div[text()='India']' (tried for 20 second(s) with 500 milliseconds interval)]]>
            </message>
            <full-stacktrace>
              <![CDATA[org.openqa.selenium.TimeoutException: Expected condition failed: waiting for element to be clickable: Proxy element for: DefaultElementLocator 'By.xpath: //div[text()='India']' (tried for 20 second(s) with 500 milliseconds interval)
at org.openqa.selenium.support.ui.WebDriverWait.timeoutException(WebDriverWait.java:84)
at org.openqa.selenium.support.ui.FluentWait.until(FluentWait.java:230)
at utilities.Utility.click(Utility.java:107)
at pages.Homepage.from(Homepage.java:131)
at testcases.TC008_OneWayTripTest.onewaytriptest(TC008_OneWayTripTest.java:25)
at java.base/jdk.internal.reflect.NativeMethodAccessorImpl.invoke0(Native Method)
at java.base/jdk.internal.reflect.NativeMethodAccessorImpl.invoke(NativeMethodAccessorImpl.java:77)
at java.base/jdk.internal.reflect.DelegatingMethodAccessorImpl.invoke(DelegatingMethodAccessorImpl.java:43)
at java.base/java.lang.reflect.Method.invoke(Method.java:568)
at org.testng.internal.invokers.MethodInvocationHelper.invokeMethod(MethodInvocationHelper.java:139)
at org.testng.internal.invokers.TestInvoker.invokeMethod(TestInvoker.java:664)
at org.testng.internal.invokers.TestInvoker.invokeTestMethod(TestInvoker.java:227)
at org.testng.internal.invokers.MethodRunner.runInSequence(MethodRunner.java:50)
at org.testng.internal.invokers.TestInvoker$MethodInvocationAgent.invoke(TestInvoker.java:957)
at org.testng.internal.invokers.TestInvoker.invokeTestMethods(TestInvoker.java:200)
at org.testng.internal.invokers.TestMethodWorker.invokeTestMethods(TestMethodWorker.java:148)
at org.testng.internal.invokers.TestMethodWorker.run(TestMethodWorker.java:128)
at java.base/java.util.ArrayList.forEach(ArrayList.java:1511)
at org.testng.TestRunner.privateRun(TestRunner.java:848)
at org.testng.TestRunner.run(TestRunner.java:621)
at org.testng.SuiteRunner.runTest(SuiteRunner.java:443)
at org.testng.SuiteRunner.runSequentially(SuiteRunner.java:437)
at org.testng.SuiteRunner.privateRun(SuiteRunner.java:397)
at org.testng.SuiteRunner.run(SuiteRunner.java:336)
at org.testng.SuiteRunnerWorker.runSuite(SuiteRunnerWorker.java:52)
at org.testng.SuiteRunnerWorker.run(SuiteRunnerWorker.java:95)
at org.testng.TestNG.runSuitesSequentially(TestNG.java:1280)
at org.testng.TestNG.runSuitesLocally(TestNG.java:1200)
at org.testng.TestNG.runSuites(TestNG.java:1114)
at org.testng.TestNG.run(TestNG.java:1082)
at org.testng.remote.AbstractRemoteTestNG.run(AbstractRemoteTestNG.java:115)
at org.testng.remote.RemoteTestNG.initAndRun(RemoteTestNG.java:251)
at org.testng.remote.RemoteTestNG.main(RemoteTestNG.java:77)
Caused by: org.openqa.selenium.NoSuchElementException: no such element: Unable to locate element: {"method":"xpath","selector":"//div[text()='India']"}
  (Session info: chrome=120.0.6099.129)
For documentation on this error, please visit: https://www.selenium.dev/documentation/webdriver/troubleshooting/errors#no-such-element-exception
Build info: version: '4.12.1', revision: '8e34639b11'
System info: os.name: 'Windows 11', os.arch: 'amd64', os.version: '10.0', java.version: '17.0.8'
Driver info: org.openqa.selenium.chrome.ChromeDriver
Command: [d25722de0db75e358c4d7ed253c91a13, findElement {using=xpath, value=//div[text()='India']}]
Capabilities {acceptInsecureCerts: false, browserName: chrome, browserVersion: 120.0.6099.129, chrome: {chromedriverVersion: 120.0.6099.109 (3419140ab66..., userDataDir: C:\Users\Aravind\AppData\Lo...}, fedcm:accounts: true, goog:chromeOptions: {debuggerAddress: localhost:59558}, networkConnectionEnabled: false, pageLoadStrategy: normal, platformName: windows, proxy: Proxy(), se:cdp: ws://localhost:59558/devtoo..., se:cdpVersion: 120.0.6099.129, setWindowRect: true, strictFileInteractability: false, timeouts: {implicit: 0, pageLoad: 300000, script: 30000}, unhandledPromptBehavior: dismiss and notify, webauthn:extension:credBlob: true, webauthn:extension:largeBlob: true, webauthn:extension:minPinLength: true, webauthn:extension:prf: true, webauthn:virtualAuthenticators: true}
Session ID: d25722de0db75e358c4d7ed253c91a13
at java.base/jdk.internal.reflect.NativeConstructorAccessorImpl.newInstance0(Native Method)
at java.base/jdk.internal.reflect.NativeConstructorAccessorImpl.newInstance(NativeConstructorAccessorImpl.java:77)
at java.base/jdk.internal.reflect.DelegatingConstructorAccessorImpl.newInstance(DelegatingConstructorAccessorImpl.java:45)
at java.base/java.lang.reflect.Constructor.newInstanceWithCaller(Constructor.java:499)
at java.base/java.lang.reflect.Constructor.newInstance(Constructor.java:480)
at org.openqa.selenium.remote.codec.w3c.W3CHttpResponseCodec.createException(W3CHttpResponseCodec.java:200)
at org.openqa.selenium.remote.codec.w3c.W3CHttpResponseCodec.decode(W3CHttpResponseCodec.java:133)
at org.openqa.selenium.remote.codec.w3c.W3CHttpResponseCodec.decode(W3CHttpResponseCodec.java:52)
at org.openqa.selenium.remote.HttpCommandExecutor.execute(HttpCommandExecutor.java:191)
at org.openqa.selenium.remote.service.DriverCommandExecutor.invokeExecute(DriverCommandExecutor.java:196)
at org.openqa.selenium.remote.service.DriverCommandExecutor.execute(DriverCommandExecutor.java:171)
at org.openqa.selenium.remote.RemoteWebDriver.execute(RemoteWebDriver.java:602)
at org.openqa.selenium.remote.ElementLocation$ElementFinder$2.findElement(ElementLocation.java:165)
at org.openqa.selenium.remote.ElementLocation.findElement(ElementLocation.java:59)
at org.openqa.selenium.remote.RemoteWebDriver.findElement(RemoteWebDriver.java:359)
at org.openqa.selenium.remote.RemoteWebDriver.findElement(RemoteWebDriver.java:353)
at org.openqa.selenium.support.pagefactory.DefaultElementLocator.findElement(DefaultElementLocator.java:68)
at org.openqa.selenium.support.pagefactory.internal.LocatingElementHandler.invoke(LocatingElementHandler.java:38)
at jdk.proxy2/jdk.proxy2.$Proxy23.isDisplayed(Unknown Source)
at org.openqa.selenium.support.ui.ExpectedConditions.elementIfVisible(ExpectedConditions.java:304)
at org.openqa.selenium.support.ui.ExpectedConditions.access$000(ExpectedConditions.java:37)
at org.openqa.selenium.support.ui.ExpectedConditions$10.apply(ExpectedConditions.java:290)
at org.openqa.selenium.support.ui.ExpectedConditions$10.apply(ExpectedConditions.java:287)
at org.openqa.selenium.support.ui.ExpectedConditions$23.apply(ExpectedConditions.java:656)
at org.openqa.selenium.support.ui.ExpectedConditions$23.apply(ExpectedConditions.java:652)
at org.openqa.selenium.support.ui.FluentWait.until(FluentWait.java:205)
... 31 more
]]>
            </full-stacktrace>
          </exception> <!-- org.openqa.selenium.TimeoutException -->
          <reporter-output>
          </reporter-output>
        </test-method> <!-- onewaytriptest -->
        <test-method is-config="true" signature="closebrowser()[pri:0, instance:testcases.TC008_OneWayTripTest@21d03963]" started-at="2023-12-23T19:17:03 IST" name="closebrowser" finished-at="2023-12-23T19:17:04 IST" duration-ms="401" status="PASS">
          <reporter-output>
          </reporter-output>
        </test-method> <!-- closebrowser -->
      </class> <!-- testcases.TC008_OneWayTripTest -->
    </test> <!-- Chrome Test -->
    <test started-at="2023-12-23T19:18:07 IST" name="edge Test" finished-at="2023-12-23T19:22:07 IST" duration-ms="239303">
      <class name="testcases.TC006_NegativeLoginTest_With_Mobno">
        <test-method is-config="true" signature="setup()[pri:0, instance:testcases.TC006_NegativeLoginTest_With_Mobno@189cbd7c]" started-at="2023-12-23T19:18:07 IST" name="setup" finished-at="2023-12-23T19:18:07 IST" duration-ms="0" status="PASS">
          <reporter-output>
          </reporter-output>
        </test-method> <!-- setup -->
        <test-method is-config="true" signature="launchbrowser(java.lang.String,java.lang.String)[pri:0, instance:testcases.TC006_NegativeLoginTest_With_Mobno@189cbd7c]" started-at="2023-12-23T19:21:53 IST" name="launchbrowser" finished-at="2023-12-23T19:21:56 IST" duration-ms="3437" status="PASS">
          <params>
            <param index="0">
              <value>
                <![CDATA[edge]]>
              </value>
            </param>
            <param index="1">
              <value>
                <![CDATA[https://www.spicejet.com/]]>
              </value>
            </param>
          </params>
          <reporter-output>
          </reporter-output>
        </test-method> <!-- launchbrowser -->
        <test-method signature="negativelogintestwithmobno(java.lang.String,java.lang.String,java.lang.String)[pri:0, instance:testcases.TC006_NegativeLoginTest_With_Mobno@189cbd7c]" started-at="2023-12-23T19:21:56 IST" name="negativelogintestwithmobno" data-provider="getdata" finished-at="2023-12-23T19:22:06 IST" duration-ms="9128" status="PASS">
          <params>
            <param index="0">
              <value>
                <![CDATA[9543089305]]>
              </value>
            </param>
            <param index="1">
              <value>
                <![CDATA[Abcdeg@11]]>
              </value>
            </param>
            <param index="2">
              <value>
                <![CDATA[Invalid Username/Password]]>
              </value>
            </param>
          </params>
          <reporter-output>
          </reporter-output>
        </test-method> <!-- negativelogintestwithmobno -->
        <test-method is-config="true" signature="closebrowser()[pri:0, instance:testcases.TC006_NegativeLoginTest_With_Mobno@189cbd7c]" started-at="2023-12-23T19:22:06 IST" name="closebrowser" finished-at="2023-12-23T19:22:07 IST" duration-ms="1238" status="PASS">
          <reporter-output>
          </reporter-output>
        </test-method> <!-- closebrowser -->
      </class> <!-- testcases.TC006_NegativeLoginTest_With_Mobno -->
      <class name="testcases.TC004_LoginTest_With_Mobno">
        <test-method is-config="true" signature="setup()[pri:0, instance:testcases.TC004_LoginTest_With_Mobno@2663e964]" started-at="2023-12-23T19:18:07 IST" name="setup" finished-at="2023-12-23T19:18:07 IST" duration-ms="0" status="PASS">
          <reporter-output>
          </reporter-output>
        </test-method> <!-- setup -->
        <test-method is-config="true" signature="launchbrowser(java.lang.String,java.lang.String)[pri:0, instance:testcases.TC004_LoginTest_With_Mobno@2663e964]" started-at="2023-12-23T19:20:05 IST" name="launchbrowser" finished-at="2023-12-23T19:20:09 IST" duration-ms="3743" status="PASS">
          <params>
            <param index="0">
              <value>
                <![CDATA[edge]]>
              </value>
            </param>
            <param index="1">
              <value>
                <![CDATA[https://www.spicejet.com/]]>
              </value>
            </param>
          </params>
          <reporter-output>
          </reporter-output>
        </test-method> <!-- launchbrowser -->
        <test-method signature="logintestwithmobno(java.lang.String,java.lang.String,java.lang.String)[pri:0, instance:testcases.TC004_LoginTest_With_Mobno@2663e964]" started-at="2023-12-23T19:20:09 IST" name="logintestwithmobno" data-provider="getdata" finished-at="2023-12-23T19:20:58 IST" duration-ms="49426" status="FAIL">
          <params>
            <param index="0">
              <value>
                <![CDATA[8778603529]]>
              </value>
            </param>
            <param index="1">
              <value>
                <![CDATA[Aravind1996@]]>
              </value>
            </param>
            <param index="2">
              <value>
                <![CDATA[Hi Aravindan]]>
              </value>
            </param>
          </params>
          <exception class="org.openqa.selenium.TimeoutException">
            <message>
              <![CDATA[Expected condition failed: waiting for visibility of Proxy element for: DefaultElementLocator 'By.xpath: //div[text()='Hi Aravindan']' (tried for 20 second(s) with 500 milliseconds interval)]]>
            </message>
            <full-stacktrace>
              <![CDATA[org.openqa.selenium.TimeoutException: Expected condition failed: waiting for visibility of Proxy element for: DefaultElementLocator 'By.xpath: //div[text()='Hi Aravindan']' (tried for 20 second(s) with 500 milliseconds interval)
at org.openqa.selenium.support.ui.WebDriverWait.timeoutException(WebDriverWait.java:84)
at org.openqa.selenium.support.ui.FluentWait.until(FluentWait.java:230)
at utilities.Utility.waitforvisibility(Utility.java:67)
at pages.LoginPage.verifylogin(LoginPage.java:82)
at testcases.TC004_LoginTest_With_Mobno.logintestwithmobno(TC004_LoginTest_With_Mobno.java:26)
at java.base/jdk.internal.reflect.NativeMethodAccessorImpl.invoke0(Native Method)
at java.base/jdk.internal.reflect.NativeMethodAccessorImpl.invoke(NativeMethodAccessorImpl.java:77)
at java.base/jdk.internal.reflect.DelegatingMethodAccessorImpl.invoke(DelegatingMethodAccessorImpl.java:43)
at java.base/java.lang.reflect.Method.invoke(Method.java:568)
at org.testng.internal.invokers.MethodInvocationHelper.invokeMethod(MethodInvocationHelper.java:139)
at org.testng.internal.invokers.TestInvoker.invokeMethod(TestInvoker.java:664)
at org.testng.internal.invokers.TestInvoker.invokeTestMethod(TestInvoker.java:227)
at org.testng.internal.invokers.MethodRunner.runInSequence(MethodRunner.java:50)
at org.testng.internal.invokers.TestInvoker$MethodInvocationAgent.invoke(TestInvoker.java:957)
at org.testng.internal.invokers.TestInvoker.invokeTestMethods(TestInvoker.java:200)
at org.testng.internal.invokers.TestMethodWorker.invokeTestMethods(TestMethodWorker.java:148)
at org.testng.internal.invokers.TestMethodWorker.run(TestMethodWorker.java:128)
at java.base/java.util.ArrayList.forEach(ArrayList.java:1511)
at org.testng.TestRunner.privateRun(TestRunner.java:848)
at org.testng.TestRunner.run(TestRunner.java:621)
at org.testng.SuiteRunner.runTest(SuiteRunner.java:443)
at org.testng.SuiteRunner.runSequentially(SuiteRunner.java:437)
at org.testng.SuiteRunner.privateRun(SuiteRunner.java:397)
at org.testng.SuiteRunner.run(SuiteRunner.java:336)
at org.testng.SuiteRunnerWorker.runSuite(SuiteRunnerWorker.java:52)
at org.testng.SuiteRunnerWorker.run(SuiteRunnerWorker.java:95)
at org.testng.TestNG.runSuitesSequentially(TestNG.java:1280)
at org.testng.TestNG.runSuitesLocally(TestNG.java:1200)
at org.testng.TestNG.runSuites(TestNG.java:1114)
at org.testng.TestNG.run(TestNG.java:1082)
at org.testng.remote.AbstractRemoteTestNG.run(AbstractRemoteTestNG.java:115)
at org.testng.remote.RemoteTestNG.initAndRun(RemoteTestNG.java:251)
at org.testng.remote.RemoteTestNG.main(RemoteTestNG.java:77)
Caused by: org.openqa.selenium.NoSuchElementException: no such element: Unable to locate element: {"method":"xpath","selector":"//div[text()='Hi Aravindan']"}
  (Session info: MicrosoftEdge=120.0.2210.77)
For documentation on this error, please visit: https://www.selenium.dev/documentation/webdriver/troubleshooting/errors#no-such-element-exception
Build info: version: '4.12.1', revision: '8e34639b11'
System info: os.name: 'Windows 11', os.arch: 'amd64', os.version: '10.0', java.version: '17.0.8'
Driver info: org.openqa.selenium.edge.EdgeDriver
Command: [f379eccb86bb5e65ece001c9ab49e30f, findElement {using=xpath, value=//div[text()='Hi Aravindan']}]
Capabilities {acceptInsecureCerts: false, browserName: MicrosoftEdge, browserVersion: 120.0.2210.77, fedcm:accounts: true, ms:edgeOptions: {debuggerAddress: localhost:60058}, msedge: {msedgedriverVersion: 120.0.2210.91 (f469d579f138..., userDataDir: C:\Users\Aravind\AppData\Lo...}, networkConnectionEnabled: false, pageLoadStrategy: normal, platformName: windows, proxy: Proxy(), se:cdp: ws://localhost:60058/devtoo..., se:cdpVersion: 120.0.2210.77, setWindowRect: true, strictFileInteractability: false, timeouts: {implicit: 0, pageLoad: 300000, script: 30000}, unhandledPromptBehavior: dismiss and notify, webauthn:extension:credBlob: true, webauthn:extension:largeBlob: true, webauthn:extension:minPinLength: true, webauthn:extension:prf: true, webauthn:virtualAuthenticators: true}
Session ID: f379eccb86bb5e65ece001c9ab49e30f
at java.base/jdk.internal.reflect.NativeConstructorAccessorImpl.newInstance0(Native Method)
at java.base/jdk.internal.reflect.NativeConstructorAccessorImpl.newInstance(NativeConstructorAccessorImpl.java:77)
at java.base/jdk.internal.reflect.DelegatingConstructorAccessorImpl.newInstance(DelegatingConstructorAccessorImpl.java:45)
at java.base/java.lang.reflect.Constructor.newInstanceWithCaller(Constructor.java:499)
at java.base/java.lang.reflect.Constructor.newInstance(Constructor.java:480)
at org.openqa.selenium.remote.codec.w3c.W3CHttpResponseCodec.createException(W3CHttpResponseCodec.java:200)
at org.openqa.selenium.remote.codec.w3c.W3CHttpResponseCodec.decode(W3CHttpResponseCodec.java:133)
at org.openqa.selenium.remote.codec.w3c.W3CHttpResponseCodec.decode(W3CHttpResponseCodec.java:52)
at org.openqa.selenium.remote.HttpCommandExecutor.execute(HttpCommandExecutor.java:191)
at org.openqa.selenium.remote.service.DriverCommandExecutor.invokeExecute(DriverCommandExecutor.java:196)
at org.openqa.selenium.remote.service.DriverCommandExecutor.execute(DriverCommandExecutor.java:171)
at org.openqa.selenium.remote.RemoteWebDriver.execute(RemoteWebDriver.java:602)
at org.openqa.selenium.remote.ElementLocation$ElementFinder$2.findElement(ElementLocation.java:165)
at org.openqa.selenium.remote.ElementLocation.findElement(ElementLocation.java:59)
at org.openqa.selenium.remote.RemoteWebDriver.findElement(RemoteWebDriver.java:359)
at org.openqa.selenium.remote.RemoteWebDriver.findElement(RemoteWebDriver.java:353)
at org.openqa.selenium.support.pagefactory.DefaultElementLocator.findElement(DefaultElementLocator.java:68)
at org.openqa.selenium.support.pagefactory.internal.LocatingElementHandler.invoke(LocatingElementHandler.java:38)
at jdk.proxy2/jdk.proxy2.$Proxy23.isDisplayed(Unknown Source)
at org.openqa.selenium.support.ui.ExpectedConditions.elementIfVisible(ExpectedConditions.java:304)
at org.openqa.selenium.support.ui.ExpectedConditions.access$000(ExpectedConditions.java:37)
at org.openqa.selenium.support.ui.ExpectedConditions$10.apply(ExpectedConditions.java:290)
at org.openqa.selenium.support.ui.ExpectedConditions$10.apply(ExpectedConditions.java:287)
at org.openqa.selenium.support.ui.FluentWait.until(FluentWait.java:205)
... 31 more
]]>
            </full-stacktrace>
          </exception> <!-- org.openqa.selenium.TimeoutException -->
          <reporter-output>
          </reporter-output>
        </test-method> <!-- logintestwithmobno -->
        <test-method is-config="true" signature="closebrowser()[pri:0, instance:testcases.TC004_LoginTest_With_Mobno@2663e964]" started-at="2023-12-23T19:20:58 IST" name="closebrowser" finished-at="2023-12-23T19:20:59 IST" duration-ms="460" status="PASS">
          <reporter-output>
          </reporter-output>
        </test-method> <!-- closebrowser -->
      </class> <!-- testcases.TC004_LoginTest_With_Mobno -->
      <class name="testcases.TC003_NegativeSignupTest">
        <test-method is-config="true" signature="setup()[pri:0, instance:testcases.TC003_NegativeSignupTest@6f3187b0]" started-at="2023-12-23T19:18:07 IST" name="setup" finished-at="2023-12-23T19:18:07 IST" duration-ms="0" status="PASS">
          <reporter-output>
          </reporter-output>
        </test-method> <!-- setup -->
        <test-method is-config="true" signature="launchbrowser(java.lang.String,java.lang.String)[pri:0, instance:testcases.TC003_NegativeSignupTest@6f3187b0]" started-at="2023-12-23T19:18:57 IST" name="launchbrowser" finished-at="2023-12-23T19:19:00 IST" duration-ms="3765" status="PASS">
          <params>
            <param index="0">
              <value>
                <![CDATA[edge]]>
              </value>
            </param>
            <param index="1">
              <value>
                <![CDATA[https://www.spicejet.com/]]>
              </value>
            </param>
          </params>
          <reporter-output>
          </reporter-output>
        </test-method> <!-- launchbrowser -->
        <test-method signature="negativesingnuptest(java.lang.String,java.lang.String,java.lang.String,java.lang.String,java.lang.String,java.lang.String,java.lang.String,java.lang.String,java.lang.String,java.lang.String,java.lang.String,java.lang.String)[pri:0, instance:testcases.TC003_NegativeSignupTest@6f3187b0]" started-at="2023-12-23T19:19:00 IST" name="negativesingnuptest" data-provider="getdata" finished-at="2023-12-23T19:20:04 IST" duration-ms="63580" status="FAIL">
          <params>
            <param index="0">
              <value>
                <![CDATA[arvind123]]>
              </value>
            </param>
            <param index="1">
              <value>
                <![CDATA[231r]]>
              </value>
            </param>
            <param index="2">
              <value>
                <![CDATA[95952]]>
              </value>
            </param>
            <param index="3">
              <value>
                <![CDATA[aravi@123]]>
              </value>
            </param>
            <param index="4">
              <value>
                <![CDATA[abc1]]>
              </value>
            </param>
            <param index="5">
              <value>
                <![CDATA[abc1]]>
              </value>
            </param>
            <param index="6">
              <value>
                <![CDATA[Please enter valid first name]]>
              </value>
            </param>
            <param index="7">
              <value>
                <![CDATA[Please enter valid last name]]>
              </value>
            </param>
            <param index="8">
              <value>
                <![CDATA[Please enter valid mobile number]]>
              </value>
            </param>
            <param index="9">
              <value>
                <![CDATA[Please enter valid Email ID]]>
              </value>
            </param>
            <param index="10">
              <value>
                <![CDATA[Password length should be min 8 & max 16 with at least 1 uppercase, 1 lowercase, a numeric value & a special character.]]>
              </value>
            </param>
            <param index="11">
              <value>
                <![CDATA[Password length should be min 8 & max 16 with at least 1 uppercase, 1 lowercase, a numeric value & a special character.]]>
              </value>
            </param>
          </params>
          <exception class="org.openqa.selenium.NoSuchElementException">
            <message>
              <![CDATA[no such element: Unable to locate element: {"method":"xpath","selector":"//div[text()='Please enter valid last name']"}
  (Session info: MicrosoftEdge=120.0.2210.77)
For documentation on this error, please visit: https://www.selenium.dev/documentation/webdriver/troubleshooting/errors#no-such-element-exception
Build info: version: '4.12.1', revision: '8e34639b11'
System info: os.name: 'Windows 11', os.arch: 'amd64', os.version: '10.0', java.version: '17.0.8'
Driver info: org.openqa.selenium.edge.EdgeDriver
Command: [f110db92303435cbb772e8f847218d81, findElement {using=xpath, value=//div[text()='Please enter valid last name']}]
Capabilities {acceptInsecureCerts: false, browserName: MicrosoftEdge, browserVersion: 120.0.2210.77, fedcm:accounts: true, ms:edgeOptions: {debuggerAddress: localhost:59948}, msedge: {msedgedriverVersion: 120.0.2210.91 (f469d579f138..., userDataDir: C:\Users\Aravind\AppData\Lo...}, networkConnectionEnabled: false, pageLoadStrategy: normal, platformName: windows, proxy: Proxy(), se:cdp: ws://localhost:59948/devtoo..., se:cdpVersion: 120.0.2210.77, setWindowRect: true, strictFileInteractability: false, timeouts: {implicit: 0, pageLoad: 300000, script: 30000}, unhandledPromptBehavior: dismiss and notify, webauthn:extension:credBlob: true, webauthn:extension:largeBlob: true, webauthn:extension:minPinLength: true, webauthn:extension:prf: true, webauthn:virtualAuthenticators: true}
Session ID: f110db92303435cbb772e8f847218d81]]>
            </message>
            <full-stacktrace>
              <![CDATA[org.openqa.selenium.NoSuchElementException: no such element: Unable to locate element: {"method":"xpath","selector":"//div[text()='Please enter valid last name']"}
  (Session info: MicrosoftEdge=120.0.2210.77)
For documentation on this error, please visit: https://www.selenium.dev/documentation/webdriver/troubleshooting/errors#no-such-element-exception
Build info: version: '4.12.1', revision: '8e34639b11'
System info: os.name: 'Windows 11', os.arch: 'amd64', os.version: '10.0', java.version: '17.0.8'
Driver info: org.openqa.selenium.edge.EdgeDriver
Command: [f110db92303435cbb772e8f847218d81, findElement {using=xpath, value=//div[text()='Please enter valid last name']}]
Capabilities {acceptInsecureCerts: false, browserName: MicrosoftEdge, browserVersion: 120.0.2210.77, fedcm:accounts: true, ms:edgeOptions: {debuggerAddress: localhost:59948}, msedge: {msedgedriverVersion: 120.0.2210.91 (f469d579f138..., userDataDir: C:\Users\Aravind\AppData\Lo...}, networkConnectionEnabled: false, pageLoadStrategy: normal, platformName: windows, proxy: Proxy(), se:cdp: ws://localhost:59948/devtoo..., se:cdpVersion: 120.0.2210.77, setWindowRect: true, strictFileInteractability: false, timeouts: {implicit: 0, pageLoad: 300000, script: 30000}, unhandledPromptBehavior: dismiss and notify, webauthn:extension:credBlob: true, webauthn:extension:largeBlob: true, webauthn:extension:minPinLength: true, webauthn:extension:prf: true, webauthn:virtualAuthenticators: true}
Session ID: f110db92303435cbb772e8f847218d81
at java.base/jdk.internal.reflect.NativeConstructorAccessorImpl.newInstance0(Native Method)
at java.base/jdk.internal.reflect.NativeConstructorAccessorImpl.newInstance(NativeConstructorAccessorImpl.java:77)
at java.base/jdk.internal.reflect.DelegatingConstructorAccessorImpl.newInstance(DelegatingConstructorAccessorImpl.java:45)
at java.base/java.lang.reflect.Constructor.newInstanceWithCaller(Constructor.java:499)
at java.base/java.lang.reflect.Constructor.newInstance(Constructor.java:480)
at org.openqa.selenium.remote.codec.w3c.W3CHttpResponseCodec.createException(W3CHttpResponseCodec.java:200)
at org.openqa.selenium.remote.codec.w3c.W3CHttpResponseCodec.decode(W3CHttpResponseCodec.java:133)
at org.openqa.selenium.remote.codec.w3c.W3CHttpResponseCodec.decode(W3CHttpResponseCodec.java:52)
at org.openqa.selenium.remote.HttpCommandExecutor.execute(HttpCommandExecutor.java:191)
at org.openqa.selenium.remote.service.DriverCommandExecutor.invokeExecute(DriverCommandExecutor.java:196)
at org.openqa.selenium.remote.service.DriverCommandExecutor.execute(DriverCommandExecutor.java:171)
at org.openqa.selenium.remote.RemoteWebDriver.execute(RemoteWebDriver.java:602)
at org.openqa.selenium.remote.ElementLocation$ElementFinder$2.findElement(ElementLocation.java:165)
at org.openqa.selenium.remote.ElementLocation.findElement(ElementLocation.java:59)
at org.openqa.selenium.remote.RemoteWebDriver.findElement(RemoteWebDriver.java:359)
at org.openqa.selenium.remote.RemoteWebDriver.findElement(RemoteWebDriver.java:353)
at org.openqa.selenium.support.pagefactory.DefaultElementLocator.findElement(DefaultElementLocator.java:68)
at org.openqa.selenium.support.pagefactory.internal.LocatingElementHandler.invoke(LocatingElementHandler.java:38)
at jdk.proxy2/jdk.proxy2.$Proxy23.getText(Unknown Source)
at utilities.Utility.verifymessage(Utility.java:71)
at pages.SignupPage.invalidlastname(SignupPage.java:158)
at testcases.TC003_NegativeSignupTest.negativesingnuptest(TC003_NegativeSignupTest.java:37)
at java.base/jdk.internal.reflect.NativeMethodAccessorImpl.invoke0(Native Method)
at java.base/jdk.internal.reflect.NativeMethodAccessorImpl.invoke(NativeMethodAccessorImpl.java:77)
at java.base/jdk.internal.reflect.DelegatingMethodAccessorImpl.invoke(DelegatingMethodAccessorImpl.java:43)
at java.base/java.lang.reflect.Method.invoke(Method.java:568)
at org.testng.internal.invokers.MethodInvocationHelper.invokeMethod(MethodInvocationHelper.java:139)
at org.testng.internal.invokers.TestInvoker.invokeMethod(TestInvoker.java:664)
at org.testng.internal.invokers.TestInvoker.invokeTestMethod(TestInvoker.java:227)
at org.testng.internal.invokers.MethodRunner.runInSequence(MethodRunner.java:50)
at org.testng.internal.invokers.TestInvoker$MethodInvocationAgent.invoke(TestInvoker.java:957)
at org.testng.internal.invokers.TestInvoker.invokeTestMethods(TestInvoker.java:200)
at org.testng.internal.invokers.TestMethodWorker.invokeTestMethods(TestMethodWorker.java:148)
at org.testng.internal.invokers.TestMethodWorker.run(TestMethodWorker.java:128)
at java.base/java.util.ArrayList.forEach(ArrayList.java:1511)
at org.testng.TestRunner.privateRun(TestRunner.java:848)
at org.testng.TestRunner.run(TestRunner.java:621)
at org.testng.SuiteRunner.runTest(SuiteRunner.java:443)
at org.testng.SuiteRunner.runSequentially(SuiteRunner.java:437)
at org.testng.SuiteRunner.privateRun(SuiteRunner.java:397)
at org.testng.SuiteRunner.run(SuiteRunner.java:336)
at org.testng.SuiteRunnerWorker.runSuite(SuiteRunnerWorker.java:52)
at org.testng.SuiteRunnerWorker.run(SuiteRunnerWorker.java:95)
at org.testng.TestNG.runSuitesSequentially(TestNG.java:1280)
at org.testng.TestNG.runSuitesLocally(TestNG.java:1200)
at org.testng.TestNG.runSuites(TestNG.java:1114)
at org.testng.TestNG.run(TestNG.java:1082)
at org.testng.remote.AbstractRemoteTestNG.run(AbstractRemoteTestNG.java:115)
at org.testng.remote.RemoteTestNG.initAndRun(RemoteTestNG.java:251)
at org.testng.remote.RemoteTestNG.main(RemoteTestNG.java:77)
]]>
            </full-stacktrace>
          </exception> <!-- org.openqa.selenium.NoSuchElementException -->
          <reporter-output>
          </reporter-output>
        </test-method> <!-- negativesingnuptest -->
        <test-method is-config="true" signature="closebrowser()[pri:0, instance:testcases.TC003_NegativeSignupTest@6f3187b0]" started-at="2023-12-23T19:20:04 IST" name="closebrowser" finished-at="2023-12-23T19:20:05 IST" duration-ms="522" status="PASS">
          <reporter-output>
          </reporter-output>
        </test-method> <!-- closebrowser -->
      </class> <!-- testcases.TC003_NegativeSignupTest -->
      <class name="testcases.TC005_LoginTest_With_Email">
        <test-method is-config="true" signature="setup()[pri:0, instance:testcases.TC005_LoginTest_With_Email@48b67364]" started-at="2023-12-23T19:18:07 IST" name="setup" finished-at="2023-12-23T19:18:07 IST" duration-ms="0" status="PASS">
          <reporter-output>
          </reporter-output>
        </test-method> <!-- setup -->
        <test-method is-config="true" signature="launchbrowser(java.lang.String,java.lang.String)[pri:0, instance:testcases.TC005_LoginTest_With_Email@48b67364]" started-at="2023-12-23T19:20:59 IST" name="launchbrowser" finished-at="2023-12-23T19:21:03 IST" duration-ms="3795" status="PASS">
          <params>
            <param index="0">
              <value>
                <![CDATA[edge]]>
              </value>
            </param>
            <param index="1">
              <value>
                <![CDATA[https://www.spicejet.com/]]>
              </value>
            </param>
          </params>
          <reporter-output>
          </reporter-output>
        </test-method> <!-- launchbrowser -->
        <test-method signature="logintestwithemail(java.lang.String,java.lang.String,java.lang.String)[pri:0, instance:testcases.TC005_LoginTest_With_Email@48b67364]" started-at="2023-12-23T19:21:03 IST" name="logintestwithemail" data-provider="getdata" finished-at="2023-12-23T19:21:52 IST" duration-ms="49635" status="FAIL">
          <params>
            <param index="0">
              <value>
                <![CDATA[aravindj61@gmail.com]]>
              </value>
            </param>
            <param index="1">
              <value>
                <![CDATA[Aravind1996@]]>
              </value>
            </param>
            <param index="2">
              <value>
                <![CDATA[Hi Aravindan]]>
              </value>
            </param>
          </params>
          <exception class="org.openqa.selenium.TimeoutException">
            <message>
              <![CDATA[Expected condition failed: waiting for visibility of Proxy element for: DefaultElementLocator 'By.xpath: //div[text()='Hi Aravindan']' (tried for 20 second(s) with 500 milliseconds interval)]]>
            </message>
            <full-stacktrace>
              <![CDATA[org.openqa.selenium.TimeoutException: Expected condition failed: waiting for visibility of Proxy element for: DefaultElementLocator 'By.xpath: //div[text()='Hi Aravindan']' (tried for 20 second(s) with 500 milliseconds interval)
at org.openqa.selenium.support.ui.WebDriverWait.timeoutException(WebDriverWait.java:84)
at org.openqa.selenium.support.ui.FluentWait.until(FluentWait.java:230)
at utilities.Utility.waitforvisibility(Utility.java:67)
at pages.LoginPage.verifylogin(LoginPage.java:82)
at testcases.TC005_LoginTest_With_Email.logintestwithemail(TC005_LoginTest_With_Email.java:26)
at java.base/jdk.internal.reflect.NativeMethodAccessorImpl.invoke0(Native Method)
at java.base/jdk.internal.reflect.NativeMethodAccessorImpl.invoke(NativeMethodAccessorImpl.java:77)
at java.base/jdk.internal.reflect.DelegatingMethodAccessorImpl.invoke(DelegatingMethodAccessorImpl.java:43)
at java.base/java.lang.reflect.Method.invoke(Method.java:568)
at org.testng.internal.invokers.MethodInvocationHelper.invokeMethod(MethodInvocationHelper.java:139)
at org.testng.internal.invokers.TestInvoker.invokeMethod(TestInvoker.java:664)
at org.testng.internal.invokers.TestInvoker.invokeTestMethod(TestInvoker.java:227)
at org.testng.internal.invokers.MethodRunner.runInSequence(MethodRunner.java:50)
at org.testng.internal.invokers.TestInvoker$MethodInvocationAgent.invoke(TestInvoker.java:957)
at org.testng.internal.invokers.TestInvoker.invokeTestMethods(TestInvoker.java:200)
at org.testng.internal.invokers.TestMethodWorker.invokeTestMethods(TestMethodWorker.java:148)
at org.testng.internal.invokers.TestMethodWorker.run(TestMethodWorker.java:128)
at java.base/java.util.ArrayList.forEach(ArrayList.java:1511)
at org.testng.TestRunner.privateRun(TestRunner.java:848)
at org.testng.TestRunner.run(TestRunner.java:621)
at org.testng.SuiteRunner.runTest(SuiteRunner.java:443)
at org.testng.SuiteRunner.runSequentially(SuiteRunner.java:437)
at org.testng.SuiteRunner.privateRun(SuiteRunner.java:397)
at org.testng.SuiteRunner.run(SuiteRunner.java:336)
at org.testng.SuiteRunnerWorker.runSuite(SuiteRunnerWorker.java:52)
at org.testng.SuiteRunnerWorker.run(SuiteRunnerWorker.java:95)
at org.testng.TestNG.runSuitesSequentially(TestNG.java:1280)
at org.testng.TestNG.runSuitesLocally(TestNG.java:1200)
at org.testng.TestNG.runSuites(TestNG.java:1114)
at org.testng.TestNG.run(TestNG.java:1082)
at org.testng.remote.AbstractRemoteTestNG.run(AbstractRemoteTestNG.java:115)
at org.testng.remote.RemoteTestNG.initAndRun(RemoteTestNG.java:251)
at org.testng.remote.RemoteTestNG.main(RemoteTestNG.java:77)
Caused by: org.openqa.selenium.NoSuchElementException: no such element: Unable to locate element: {"method":"xpath","selector":"//div[text()='Hi Aravindan']"}
  (Session info: MicrosoftEdge=120.0.2210.77)
For documentation on this error, please visit: https://www.selenium.dev/documentation/webdriver/troubleshooting/errors#no-such-element-exception
Build info: version: '4.12.1', revision: '8e34639b11'
System info: os.name: 'Windows 11', os.arch: 'amd64', os.version: '10.0', java.version: '17.0.8'
Driver info: org.openqa.selenium.edge.EdgeDriver
Command: [0ea649b6b323df761955a7df5646720a, findElement {using=xpath, value=//div[text()='Hi Aravindan']}]
Capabilities {acceptInsecureCerts: false, browserName: MicrosoftEdge, browserVersion: 120.0.2210.77, fedcm:accounts: true, ms:edgeOptions: {debuggerAddress: localhost:60137}, msedge: {msedgedriverVersion: 120.0.2210.91 (f469d579f138..., userDataDir: C:\Users\Aravind\AppData\Lo...}, networkConnectionEnabled: false, pageLoadStrategy: normal, platformName: windows, proxy: Proxy(), se:cdp: ws://localhost:60137/devtoo..., se:cdpVersion: 120.0.2210.77, setWindowRect: true, strictFileInteractability: false, timeouts: {implicit: 0, pageLoad: 300000, script: 30000}, unhandledPromptBehavior: dismiss and notify, webauthn:extension:credBlob: true, webauthn:extension:largeBlob: true, webauthn:extension:minPinLength: true, webauthn:extension:prf: true, webauthn:virtualAuthenticators: true}
Session ID: 0ea649b6b323df761955a7df5646720a
at java.base/jdk.internal.reflect.NativeConstructorAccessorImpl.newInstance0(Native Method)
at java.base/jdk.internal.reflect.NativeConstructorAccessorImpl.newInstance(NativeConstructorAccessorImpl.java:77)
at java.base/jdk.internal.reflect.DelegatingConstructorAccessorImpl.newInstance(DelegatingConstructorAccessorImpl.java:45)
at java.base/java.lang.reflect.Constructor.newInstanceWithCaller(Constructor.java:499)
at java.base/java.lang.reflect.Constructor.newInstance(Constructor.java:480)
at org.openqa.selenium.remote.codec.w3c.W3CHttpResponseCodec.createException(W3CHttpResponseCodec.java:200)
at org.openqa.selenium.remote.codec.w3c.W3CHttpResponseCodec.decode(W3CHttpResponseCodec.java:133)
at org.openqa.selenium.remote.codec.w3c.W3CHttpResponseCodec.decode(W3CHttpResponseCodec.java:52)
at org.openqa.selenium.remote.HttpCommandExecutor.execute(HttpCommandExecutor.java:191)
at org.openqa.selenium.remote.service.DriverCommandExecutor.invokeExecute(DriverCommandExecutor.java:196)
at org.openqa.selenium.remote.service.DriverCommandExecutor.execute(DriverCommandExecutor.java:171)
at org.openqa.selenium.remote.RemoteWebDriver.execute(RemoteWebDriver.java:602)
at org.openqa.selenium.remote.ElementLocation$ElementFinder$2.findElement(ElementLocation.java:165)
at org.openqa.selenium.remote.ElementLocation.findElement(ElementLocation.java:59)
at org.openqa.selenium.remote.RemoteWebDriver.findElement(RemoteWebDriver.java:359)
at org.openqa.selenium.remote.RemoteWebDriver.findElement(RemoteWebDriver.java:353)
at org.openqa.selenium.support.pagefactory.DefaultElementLocator.findElement(DefaultElementLocator.java:68)
at org.openqa.selenium.support.pagefactory.internal.LocatingElementHandler.invoke(LocatingElementHandler.java:38)
at jdk.proxy2/jdk.proxy2.$Proxy23.isDisplayed(Unknown Source)
at org.openqa.selenium.support.ui.ExpectedConditions.elementIfVisible(ExpectedConditions.java:304)
at org.openqa.selenium.support.ui.ExpectedConditions.access$000(ExpectedConditions.java:37)
at org.openqa.selenium.support.ui.ExpectedConditions$10.apply(ExpectedConditions.java:290)
at org.openqa.selenium.support.ui.ExpectedConditions$10.apply(ExpectedConditions.java:287)
at org.openqa.selenium.support.ui.FluentWait.until(FluentWait.java:205)
... 31 more
]]>
            </full-stacktrace>
          </exception> <!-- org.openqa.selenium.TimeoutException -->
          <reporter-output>
          </reporter-output>
        </test-method> <!-- logintestwithemail -->
        <test-method is-config="true" signature="closebrowser()[pri:0, instance:testcases.TC005_LoginTest_With_Email@48b67364]" started-at="2023-12-23T19:21:52 IST" name="closebrowser" finished-at="2023-12-23T19:21:53 IST" duration-ms="460" status="PASS">
          <reporter-output>
          </reporter-output>
        </test-method> <!-- closebrowser -->
      </class> <!-- testcases.TC005_LoginTest_With_Email -->
      <class name="testcases.TC002_SignupTest">
        <test-method is-config="true" signature="setup()[pri:0, instance:testcases.TC002_SignupTest@6dd7b5a3]" started-at="2023-12-23T19:18:07 IST" name="setup" finished-at="2023-12-23T19:18:07 IST" duration-ms="0" status="PASS">
          <reporter-output>
          </reporter-output>
        </test-method> <!-- setup -->
        <test-method is-config="true" signature="launchbrowser(java.lang.String,java.lang.String)[pri:0, instance:testcases.TC002_SignupTest@6dd7b5a3]" started-at="2023-12-23T19:18:08 IST" name="launchbrowser" finished-at="2023-12-23T19:18:12 IST" duration-ms="3998" status="PASS">
          <params>
            <param index="0">
              <value>
                <![CDATA[edge]]>
              </value>
            </param>
            <param index="1">
              <value>
                <![CDATA[https://www.spicejet.com/]]>
              </value>
            </param>
          </params>
          <reporter-output>
          </reporter-output>
        </test-method> <!-- launchbrowser -->
        <test-method signature="singnuptest(java.lang.String,java.lang.String,java.lang.String,java.lang.String,java.lang.String,java.lang.String)[pri:0, instance:testcases.TC002_SignupTest@6dd7b5a3]" started-at="2023-12-23T19:18:12 IST" name="singnuptest" data-provider="getdata" finished-at="2023-12-23T19:18:56 IST" duration-ms="44503" status="PASS">
          <params>
            <param index="0">
              <value>
                <![CDATA[Aravindan]]>
              </value>
            </param>
            <param index="1">
              <value>
                <![CDATA[R]]>
              </value>
            </param>
            <param index="2">
              <value>
                <![CDATA[9952088276]]>
              </value>
            </param>
            <param index="3">
              <value>
                <![CDATA[asaravind13@gmail.com]]>
              </value>
            </param>
            <param index="4">
              <value>
                <![CDATA[Aravind1996@]]>
              </value>
            </param>
            <param index="5">
              <value>
                <![CDATA[Aravind1996@]]>
              </value>
            </param>
          </params>
          <reporter-output>
          </reporter-output>
        </test-method> <!-- singnuptest -->
        <test-method is-config="true" signature="closebrowser()[pri:0, instance:testcases.TC002_SignupTest@6dd7b5a3]" started-at="2023-12-23T19:18:56 IST" name="closebrowser" finished-at="2023-12-23T19:18:57 IST" duration-ms="481" status="PASS">
          <reporter-output>
          </reporter-output>
        </test-method> <!-- closebrowser -->
      </class> <!-- testcases.TC002_SignupTest -->
    </test> <!-- edge Test -->
  </suite> <!-- Suite -->
</testng-results>
